Snapshot of input data...
                             Class  OG0000000  OG0000005  OG0000006  OG0000014
Species                                                                       
candida_auris.final              0       12.0        5.0        4.0        1.0
candida_orthopsilosis.final      0       17.0        6.0        8.0        4.0
clavispora_lusitaniae.final      0        4.0        5.0        9.0        1.0
hanseniaspora_uvarum.final       0        6.0        3.0        2.0        4.0
kluyveromyces_lactis.final       0        2.0        5.0        3.0        3.0


### Dropping/imputing NAs... ###

Number of columns with NAs: 0
Number of columns to impute: 0


### One Hot Encoding... ###

Features to one-hot-encode: []
Dataframe shape (rows, cols) before and after one-hot-encoding:
Before: (114, 50)
After: (114, 50)

Number of duplicate row names to delete: 0

Snapshot of imputed data...
                             Class  OG0000000  OG0000005  OG0000006  OG0000014
Species                                                                       
candida_auris.final              0       12.0        5.0        4.0        1.0
candida_orthopsilosis.final      0       17.0        6.0        8.0        4.0
clavispora_lusitaniae.final      0        4.0        5.0        9.0        1.0
hanseniaspora_uvarum.final       0        6.0        3.0        2.0        4.0
kluyveromyces_lactis.final       0        2.0        5.0        3.0        3.0

Output file saved as: PRACTICE_smallset.tsv_mod.txt

Done!
Holding out 10.0 percent
Pulling test set from classes: [0 1]
12 instances in test set
finished!
Removing testldout instances...

Snapshot of data:
                               Class  OG0000000  ...  OG0000006  OG0000014
Species                                          ...                      
candida_auris.final                0       12.0  ...        4.0        1.0
candida_orthopsilosis.final        0       17.0  ...        8.0        4.0
clavispora_lusitaniae.final        0        4.0  ...        9.0        1.0
hanseniaspora_uvarum.final         0        6.0  ...        2.0        4.0
kluyveromyces_lactis.final         0        2.0  ...        3.0        3.0
kluyveromyces_marxianus.final      0        2.0  ...        5.0        3.0

[6 rows x 5 columns]
=====* Running decision tree based feature selection *=====
Features selected using DecisionTree feature selection: None
Run time (sec):44.22
Done!
Removing testldout instances...

Snapshot of data:
                               Class  OG0000000  ...  OG0000006  OG0000014
Species                                          ...                      
candida_auris.final                0       12.0  ...        4.0        1.0
candida_orthopsilosis.final        0       17.0  ...        8.0        4.0
clavispora_lusitaniae.final        0        4.0  ...        9.0        1.0
hanseniaspora_uvarum.final         0        6.0  ...        2.0        4.0
kluyveromyces_lactis.final         0        2.0  ...        3.0        3.0
kluyveromyces_marxianus.final      0        2.0  ...        5.0        3.0

[6 rows x 5 columns]
Run time (sec):0.84
Done!
Using subset of features from: top_feat_RF.txt_50
Removing test instances to apply model on later...
Snapshot of data being used:
                             Class  OG0000030  OG0000006  OG0000173  OG0000000
Species                                                                       
candida_auris.final              0        2.0        4.0        2.0       12.0
candida_orthopsilosis.final      0        5.0        8.0        5.0       17.0
clavispora_lusitaniae.final      0        3.0        9.0        2.0        4.0
hanseniaspora_uvarum.final       0       10.0        2.0        1.0        6.0
kluyveromyces_lactis.final       0        1.0        3.0        1.0        2.0


CLASSES: [0 1]
POS: 1 type:  <class 'int'>
NEG: 0 type:  <class 'int'>

Balanced dataset will have 50 instances of each class


===>  Grid search started  <===
Round 1 of 10
Round 2 of 10
Round 3 of 10
Round 4 of 10
Round 5 of 10
Round 6 of 10
Round 7 of 10
Round 8 of 10
Round 9 of 10
Round 10 of 10
Parameter sweep time: 4543.147774 seconds
Parameters selected: max_depth=10.0, max_features=log2, 				n_estimators=1000.0
Grid search done. Time: 4567.382587 s


===>  ML Pipeline started  <===
  Round 1 of 100
  Round 2 of 100
  Round 3 of 100
  Round 4 of 100
  Round 5 of 100
  Round 6 of 100
  Round 7 of 100
  Round 8 of 100
  Round 9 of 100
  Round 10 of 100
  Round 11 of 100
  Round 12 of 100
  Round 13 of 100
  Round 14 of 100
  Round 15 of 100
  Round 16 of 100
  Round 17 of 100
  Round 18 of 100
  Round 19 of 100
  Round 20 of 100
  Round 21 of 100
  Round 22 of 100
  Round 23 of 100
  Round 24 of 100
  Round 25 of 100
  Round 26 of 100
  Round 27 of 100
  Round 28 of 100
  Round 29 of 100
  Round 30 of 100
  Round 31 of 100
  Round 32 of 100
  Round 33 of 100
  Round 34 of 100
  Round 35 of 100
  Round 36 of 100
  Round 37 of 100
  Round 38 of 100
  Round 39 of 100
  Round 40 of 100
  Round 41 of 100
  Round 42 of 100
  Round 43 of 100
  Round 44 of 100
  Round 45 of 100
  Round 46 of 100
  Round 47 of 100
  Round 48 of 100
  Round 49 of 100
  Round 50 of 100
  Round 51 of 100
  Round 52 of 100
  Round 53 of 100
  Round 54 of 100
  Round 55 of 100
  Round 56 of 100
  Round 57 of 100
  Round 58 of 100
  Round 59 of 100
  Round 60 of 100
  Round 61 of 100
  Round 62 of 100
  Round 63 of 100
  Round 64 of 100
  Round 65 of 100
  Round 66 of 100
  Round 67 of 100
  Round 68 of 100
  Round 69 of 100
  Round 70 of 100
  Round 71 of 100
  Round 72 of 100
  Round 73 of 100
  Round 74 of 100
  Round 75 of 100
  Round 76 of 100
  Round 77 of 100
  Round 78 of 100
  Round 79 of 100
  Round 80 of 100
  Round 81 of 100
  Round 82 of 100
  Round 83 of 100
  Round 84 of 100
  Round 85 of 100
  Round 86 of 100
  Round 87 of 100
  Round 88 of 100
  Round 89 of 100
  Round 90 of 100
  Round 91 of 100
  Round 92 of 100
  Round 93 of 100
  Round 94 of 100
  Round 95 of 100
  Round 96 of 100
  Round 97 of 100
  Round 98 of 100
  Round 99 of 100
  Round 100 of 100
ML Pipeline time: 3748.070339 seconds

Generating ROC & PR curves


===>  ML Results  <===

Validation Set Scores
Accuracy: 0.832600 (+/- stdev 0.014465)
F1: 0.845456 (+/- stdev 0.013495)
AUC-ROC: 0.901510 (+/- stdev 0.005495)
AUC-PRC: 0.886408 (+/- stdev 0.005619)


Test Set Scores:
Precision: 0.781818
Accuracy: 0.810000
F1: 0.819048
AUC-ROC: 1.000000 (+/- stdev 0.000000)
AUC-PRC: 1.000000 (+/- stdev 0.000000)
finished!
